<?xml version="1.0" encoding="UTF-8"?>
<!-- Generated by org.testng.reporters.JUnitReportReporter -->
<testsuite hostname="DESKTOP-R6MQ6V0" failures="0" tests="5" name="testCases.TC_003_LoginDDT" time="39.124" errors="0" timestamp="2023-01-09T18:29:00 NPT" skipped="0">
  <testcase classname="testCases.TC_003_LoginDDT" name="test_loginDDT" time="2.826"/>
  <system-out/>
  <testcase classname="testCases.TC_003_LoginDDT" name="test_loginDDT" time="11.401"/>
  <system-out/>
  <testcase classname="testCases.TC_003_LoginDDT" name="test_loginDDT" time="11.339"/>
  <system-out/>
  <testcase classname="testCases.TC_003_LoginDDT" name="test_loginDDT" time="1.955"/>
  <system-out/>
  <testcase classname="testCases.TC_003_LoginDDT" name="test_loginDDT" time="11.603"/>
  <system-out/>
</testsuite> <!-- testCases.TC_003_LoginDDT -->
