<?xml version="1.0" encoding="UTF-8"?>
<!-- Generated by org.testng.reporters.JUnitReportReporter -->
<testsuite hostname="DESKTOP-R6MQ6V0" failures="0" tests="1" name="testCases.TC_002_LoginTest" time="1.876" errors="0" timestamp="2023-01-08T13:19:03 NPT" skipped="0">
  <testcase classname="testCases.TC_002_LoginTest" name="test_login" time="1.876"/>
  <system-out/>
</testsuite> <!-- testCases.TC_002_LoginTest -->
