<?xml version="1.0" encoding="UTF-8"?>
<!-- Generated by org.testng.reporters.JUnitReportReporter -->
<testsuite hostname="DESKTOP-R6MQ6V0" failures="0" tests="5" name="testCases.TC_003_LoginDDT" time="40.120" errors="0" timestamp="2023-01-09T21:30:42 NPT" skipped="0">
  <testcase classname="testCases.TC_003_LoginDDT" name="test_loginDDT" time="11.547"/>
  <system-out/>
  <testcase classname="testCases.TC_003_LoginDDT" name="test_loginDDT" time="11.539"/>
  <system-out/>
  <testcase classname="testCases.TC_003_LoginDDT" name="test_loginDDT" time="2.800"/>
  <system-out/>
  <testcase classname="testCases.TC_003_LoginDDT" name="test_loginDDT" time="11.642"/>
  <system-out/>
  <testcase classname="testCases.TC_003_LoginDDT" name="test_loginDDT" time="2.592"/>
  <system-out/>
</testsuite> <!-- testCases.TC_003_LoginDDT -->
