<?xml version="1.0" encoding="UTF-8"?>
<!-- Generated by org.testng.reporters.JUnitReportReporter -->
<testsuite hostname="DESKTOP-R6MQ6V0" failures="0" tests="5" name="testCases.TC_003_LoginDDT" time="39.649" errors="0" timestamp="2023-01-08T22:39:23 NPT" skipped="0">
  <testcase classname="testCases.TC_003_LoginDDT" name="test_loginDDT" time="11.498"/>
  <system-out/>
  <testcase classname="testCases.TC_003_LoginDDT" name="test_loginDDT" time="11.483"/>
  <system-out/>
  <testcase classname="testCases.TC_003_LoginDDT" name="test_loginDDT" time="3.251"/>
  <system-out/>
  <testcase classname="testCases.TC_003_LoginDDT" name="test_loginDDT" time="11.478"/>
  <system-out/>
  <testcase classname="testCases.TC_003_LoginDDT" name="test_loginDDT" time="1.939"/>
  <system-out/>
</testsuite> <!-- testCases.TC_003_LoginDDT -->
